#
# There is insufficient memory for the Java Runtime Environment to continue.
# Native memory allocation (malloc) failed to allocate 32744 bytes for ChunkPool::allocate
# Possible reasons:
#   The system is out of physical RAM or swap space
#   The process is running with CompressedOops enabled, and the Java Heap may be blocking the growth of the native heap
# Possible solutions:
#   Reduce memory load on the system
#   Increase physical memory or swap space
#   Check if swap backing store is full
#   Decrease Java heap size (-Xmx/-Xms)
#   Decrease number of Java threads
#   Decrease Java thread stack sizes (-Xss)
#   Set larger code cache with -XX:ReservedCodeCacheSize=
#   JVM is running with Unscaled Compressed Oops mode in which the Java heap is
#     placed in the first 4GB address space. The Java Heap base address is the
#     maximum limit for the native heap growth. Please use -XX:HeapBaseMinAddress
#     to set the Java Heap base and to place the Java Heap above 4GB virtual address.
# This output file may be truncated or incomplete.
#
#  Out of Memory Error (allocation.cpp:272), pid=34364, tid=0x0000000000008650
#
# JRE version: Java(TM) SE Runtime Environment (8.0_221-b11) (build 1.8.0_221-b11)
# Java VM: Java HotSpot(TM) 64-Bit Server VM (25.221-b11 mixed mode windows-amd64 compressed oops)
# Failed to write core dump. 
#

---------------  T H R E A D  ---------------

Current thread (0x0000000016fdb000):  JavaThread "C2 CompilerThread0" daemon [_thread_in_native, id=34384, stack(0x0000000018000000,0x0000000018100000)]

Stack: [0x0000000018000000,0x0000000018100000]
[error occurred during error reporting (printing stack bounds), id 0xc0000005]

Native frames: (J=compiled Java code, j=interpreted, Vv=VM code, C=native code)


Current CompileTask:
C2: 519623 3825       4       com.google.gson.internal.$Gson$Types::resolve (372 bytes)


---------------  P R O C E S S  ---------------

Java Threads: ( => current thread )
  0x0000000018d8d000 JavaThread "Exec Stream Pumper" daemon [_thread_in_native, id=23720, stack(0x0000000019e40000,0x0000000019f40000)]
  0x0000000018d8c000 JavaThread "Exec Stream Pumper" daemon [_thread_in_native, id=36384, stack(0x0000000019d40000,0x0000000019e40000)]
  0x0000000018d54000 JavaThread "Exec Default Executor" daemon [_thread_in_native, id=25416, stack(0x0000000019a40000,0x0000000019b40000)]
  0x0000000018862000 JavaThread "ReaderThread" [_thread_in_native, id=36816, stack(0x0000000019340000,0x0000000019440000)]
  0x000000001703d000 JavaThread "Service Thread" daemon [_thread_blocked, id=36124, stack(0x0000000018200000,0x0000000018300000)]
  0x0000000017036000 JavaThread "C1 CompilerThread1" daemon [_thread_blocked, id=36400, stack(0x0000000018100000,0x0000000018200000)]
=>0x0000000016fdb000 JavaThread "C2 CompilerThread0" daemon [_thread_in_native, id=34384, stack(0x0000000018000000,0x0000000018100000)]
  0x0000000016fd8800 JavaThread "Attach Listener" daemon [_thread_blocked, id=30300, stack(0x0000000017f00000,0x0000000018000000)]
  0x0000000016fd5800 JavaThread "Signal Dispatcher" daemon [_thread_blocked, id=35444, stack(0x0000000017e00000,0x0000000017f00000)]
  0x00000000025f9000 JavaThread "Finalizer" daemon [_thread_blocked, id=33508, stack(0x0000000017c10000,0x0000000017d10000)]
  0x00000000025f0000 JavaThread "Reference Handler" daemon [_thread_blocked, id=33536, stack(0x0000000017b10000,0x0000000017c10000)]
  0x0000000002502800 JavaThread "Forwarding isElementDisplayed on session fcac3d5e2659a290e05dfbaf63e7158d to remote" [_thread_in_native, id=20968, stack(0x0000000002350000,0x0000000002450000)]

Other Threads:
  0x0000000016fa7000 VMThread [stack: 0x0000000017a10000,0x0000000017b10000] [id=13928]
  0x0000000017042000 WatcherThread [stack: 0x0000000018300000,0x0000000018400000] [id=34972]

VM state:not at safepoint (normal execution)

VM Mutex/Monitor currently owned by a thread: None

heap address: 0x0000000080000000, size: 2048 MB, Compressed Oops mode: 32-bit
Narrow klass base: 0x0000000000000000, Narrow klass shift: 3
Compressed class space size: 1073741824 Address: 0x0000000100000000

Heap:
 PSYoungGen      total 41472K, used 25885K [0x00000000d5580000, 0x00000000d8800000, 0x0000000100000000)
  eden space 32256K, 69% used [0x00000000d5580000,0x00000000d6b5ad38,0x00000000d7500000)
  from space 9216K, 38% used [0x00000000d7e80000,0x00000000d81ec840,0x00000000d8780000)
  to   space 9728K, 0% used [0x00000000d7500000,0x00000000d7500000,0x00000000d7e80000)
 ParOldGen       total 44032K, used 8371K [0x0000000080000000, 0x0000000082b00000, 0x00000000d5580000)
  object space 44032K, 19% used [0x0000000080000000,0x000000008082cf30,0x0000000082b00000)
 Metaspace       used 26659K, capacity 26996K, committed 27264K, reserved 1073152K
  class space    used 3271K, capacity 3420K, committed 3456K, reserved 1048576K

Card table byte_map: [0x00000000119c0000,0x0000000011dd0000] byte_map_base: 0x00000000115c0000

Marking Bits: (ParMarkBitMap*) 0x00000000597b5ce0
 Begin Bits: [0x0000000012280000, 0x0000000014280000)
 End Bits:   [0x0000000014280000, 0x0000000016280000)

Polling page: 0x0000000000850000

CodeCache: size=245760Kb used=11610Kb max_used=11622Kb free=234149Kb
 bounds [0x0000000002600000, 0x0000000003180000, 0x0000000011600000]
 total_blobs=3788 nmethods=3319 adapters=381
 compilation: enabled

Compilation events (10 events):
Event: 518.256 Thread 0x0000000017036000 nmethod 3819 0x000000000316af90 code [0x000000000316b4a0, 0x000000000316f608]
Event: 518.256 Thread 0x0000000017036000 3816  s    3       java.io.ExpiringCache::get (39 bytes)
Event: 518.257 Thread 0x0000000017036000 nmethod 3816 0x00000000031637d0 code [0x0000000003163960, 0x0000000003163d98]
Event: 518.257 Thread 0x0000000017036000 3822       1       org.jaxen.expr.DefaultPathExpr::getFilterExpr (5 bytes)
Event: 518.257 Thread 0x0000000017036000 nmethod 3822 0x00000000029fce10 code [0x00000000029fcf60, 0x00000000029fd070]
Event: 518.257 Thread 0x0000000017036000 3817       1       org.apache.xerces.xni.parser.XMLConfigurationException::getIdentifier (5 bytes)
Event: 518.257 Thread 0x0000000017036000 nmethod 3817 0x000000000273a290 code [0x000000000273a3e0, 0x000000000273a4f0]
Event: 518.258 Thread 0x0000000017036000 3818       1       org.apache.xerces.xni.parser.XMLConfigurationException::getType (5 bytes)
Event: 518.258 Thread 0x0000000017036000 nmethod 3818 0x0000000002762610 code [0x0000000002762760, 0x0000000002762870]
Event: 519.564 Thread 0x0000000016fdb000 3825       4       com.google.gson.internal.$Gson$Types::resolve (372 bytes)

GC Heap History (10 events):
Event: 46.312 GC heap before
{Heap before GC invocations=3 (full 0):
 PSYoungGen      total 38400K, used 19257K [0x00000000d5580000, 0x00000000d8000000, 0x0000000100000000)
  eden space 33280K, 42% used [0x00000000d5580000,0x00000000d6356760,0x00000000d7600000)
  from space 5120K, 99% used [0x00000000d7b00000,0x00000000d7ff8060,0x00000000d8000000)
  to   space 5120K, 0% used [0x00000000d7600000,0x00000000d7600000,0x00000000d7b00000)
 ParOldGen       total 87552K, used 4702K [0x0000000080000000, 0x0000000085580000, 0x00000000d5580000)
  object space 87552K, 5% used [0x0000000080000000,0x00000000804979a8,0x0000000085580000)
 Metaspace       used 20903K, capacity 21182K, committed 21248K, reserved 1067008K
  class space    used 2654K, capacity 2799K, committed 2816K, reserved 1048576K
Event: 46.540 GC heap after
Heap after GC invocations=3 (full 0):
 PSYoungGen      total 38400K, used 5088K [0x00000000d5580000, 0x00000000d8000000, 0x0000000100000000)
  eden space 33280K, 0% used [0x00000000d5580000,0x00000000d5580000,0x00000000d7600000)
  from space 5120K, 99% used [0x00000000d7600000,0x00000000d7af8040,0x00000000d7b00000)
  to   space 5120K, 0% used [0x00000000d7b00000,0x00000000d7b00000,0x00000000d8000000)
 ParOldGen       total 87552K, used 6648K [0x0000000080000000, 0x0000000085580000, 0x00000000d5580000)
  object space 87552K, 7% used [0x0000000080000000,0x000000008067e380,0x0000000085580000)
 Metaspace       used 20903K, capacity 21182K, committed 21248K, reserved 1067008K
  class space    used 2654K, capacity 2799K, committed 2816K, reserved 1048576K
}
Event: 46.540 GC heap before
{Heap before GC invocations=4 (full 1):
 PSYoungGen      total 38400K, used 5088K [0x00000000d5580000, 0x00000000d8000000, 0x0000000100000000)
  eden space 33280K, 0% used [0x00000000d5580000,0x00000000d5580000,0x00000000d7600000)
  from space 5120K, 99% used [0x00000000d7600000,0x00000000d7af8040,0x00000000d7b00000)
  to   space 5120K, 0% used [0x00000000d7b00000,0x00000000d7b00000,0x00000000d8000000)
 ParOldGen       total 87552K, used 6648K [0x0000000080000000, 0x0000000085580000, 0x00000000d5580000)
  object space 87552K, 7% used [0x0000000080000000,0x000000008067e380,0x0000000085580000)
 Metaspace       used 20903K, capacity 21182K, committed 21248K, reserved 1067008K
  class space    used 2654K, capacity 2799K, committed 2816K, reserved 1048576K
Event: 46.724 GC heap after
Heap after GC invocations=4 (full 1):
 PSYoungGen      total 38400K, used 0K [0x00000000d5580000, 0x00000000d8000000, 0x0000000100000000)
  eden space 33280K, 0% used [0x00000000d5580000,0x00000000d5580000,0x00000000d7600000)
  from space 5120K, 0% used [0x00000000d7600000,0x00000000d7600000,0x00000000d7b00000)
  to   space 5120K, 0% used [0x00000000d7b00000,0x00000000d7b00000,0x00000000d8000000)
 ParOldGen       total 44032K, used 7150K [0x0000000080000000, 0x0000000082b00000, 0x00000000d5580000)
  object space 44032K, 16% used [0x0000000080000000,0x00000000806fba58,0x0000000082b00000)
 Metaspace       used 20903K, capacity 21182K, committed 21248K, reserved 1067008K
  class space    used 2654K, capacity 2799K, committed 2816K, reserved 1048576K
}
Event: 93.734 GC heap before
{Heap before GC invocations=5 (full 1):
 PSYoungGen      total 38400K, used 33280K [0x00000000d5580000, 0x00000000d8000000, 0x0000000100000000)
  eden space 33280K, 100% used [0x00000000d5580000,0x00000000d7600000,0x00000000d7600000)
  from space 5120K, 0% used [0x00000000d7600000,0x00000000d7600000,0x00000000d7b00000)
  to   space 5120K, 0% used [0x00000000d7b00000,0x00000000d7b00000,0x00000000d8000000)
 ParOldGen       total 44032K, used 7150K [0x0000000080000000, 0x0000000082b00000, 0x00000000d5580000)
  object space 44032K, 16% used [0x0000000080000000,0x00000000806fba58,0x0000000082b00000)
 Metaspace       used 25501K, capacity 25856K, committed 26240K, reserved 1073152K
  class space    used 3261K, capacity 3386K, committed 3456K, reserved 1048576K
Event: 93.744 GC heap after
Heap after GC invocations=5 (full 1):
 PSYoungGen      total 38400K, used 5089K [0x00000000d5580000, 0x00000000d8000000, 0x0000000100000000)
  eden space 33280K, 0% used [0x00000000d5580000,0x00000000d5580000,0x00000000d7600000)
  from space 5120K, 99% used [0x00000000d7b00000,0x00000000d7ff8720,0x00000000d8000000)
  to   space 5120K, 0% used [0x00000000d7600000,0x00000000d7600000,0x00000000d7b00000)
 ParOldGen       total 44032K, used 8355K [0x0000000080000000, 0x0000000082b00000, 0x00000000d5580000)
  object space 44032K, 18% used [0x0000000080000000,0x0000000080828f30,0x0000000082b00000)
 Metaspace       used 25501K, capacity 25856K, committed 26240K, reserved 1073152K
  class space    used 3261K, capacity 3386K, committed 3456K, reserved 1048576K
}
Event: 274.750 GC heap before
{Heap before GC invocations=6 (full 1):
 PSYoungGen      total 38400K, used 38369K [0x00000000d5580000, 0x00000000d8000000, 0x0000000100000000)
  eden space 33280K, 100% used [0x00000000d5580000,0x00000000d7600000,0x00000000d7600000)
  from space 5120K, 99% used [0x00000000d7b00000,0x00000000d7ff8720,0x00000000d8000000)
  to   space 5120K, 0% used [0x00000000d7600000,0x00000000d7600000,0x00000000d7b00000)
 ParOldGen       total 44032K, used 8355K [0x0000000080000000, 0x0000000082b00000, 0x00000000d5580000)
  object space 44032K, 18% used [0x0000000080000000,0x0000000080828f30,0x0000000082b00000)
 Metaspace       used 26268K, capacity 26568K, committed 26752K, reserved 1073152K
  class space    used 3266K, capacity 3386K, committed 3456K, reserved 1048576K
Event: 274.757 GC heap after
Heap after GC invocations=6 (full 1):
 PSYoungGen      total 37888K, used 3554K [0x00000000d5580000, 0x00000000d8780000, 0x0000000100000000)
  eden space 32768K, 0% used [0x00000000d5580000,0x00000000d5580000,0x00000000d7580000)
  from space 5120K, 69% used [0x00000000d7600000,0x00000000d79788b0,0x00000000d7b00000)
  to   space 9216K, 0% used [0x00000000d7e80000,0x00000000d7e80000,0x00000000d8780000)
 ParOldGen       total 44032K, used 8363K [0x0000000080000000, 0x0000000082b00000, 0x00000000d5580000)
  object space 44032K, 18% used [0x0000000080000000,0x000000008082af30,0x0000000082b00000)
 Metaspace       used 26268K, capacity 26568K, committed 26752K, reserved 1073152K
  class space    used 3266K, capacity 3386K, committed 3456K, reserved 1048576K
}
Event: 425.727 GC heap before
{Heap before GC invocations=7 (full 1):
 PSYoungGen      total 37888K, used 36322K [0x00000000d5580000, 0x00000000d8780000, 0x0000000100000000)
  eden space 32768K, 100% used [0x00000000d5580000,0x00000000d7580000,0x00000000d7580000)
  from space 5120K, 69% used [0x00000000d7600000,0x00000000d79788b0,0x00000000d7b00000)
  to   space 9216K, 0% used [0x00000000d7e80000,0x00000000d7e80000,0x00000000d8780000)
 ParOldGen       total 44032K, used 8363K [0x0000000080000000, 0x0000000082b00000, 0x00000000d5580000)
  object space 44032K, 18% used [0x0000000080000000,0x000000008082af30,0x0000000082b00000)
 Metaspace       used 26575K, capacity 26900K, committed 27264K, reserved 1073152K
  class space    used 3268K, capacity 3388K, committed 3456K, reserved 1048576K
Event: 425.876 GC heap after
Heap after GC invocations=7 (full 1):
 PSYoungGen      total 41472K, used 3506K [0x00000000d5580000, 0x00000000d8800000, 0x0000000100000000)
  eden space 32256K, 0% used [0x00000000d5580000,0x00000000d5580000,0x00000000d7500000)
  from space 9216K, 38% used [0x00000000d7e80000,0x00000000d81ec840,0x00000000d8780000)
  to   space 9728K, 0% used [0x00000000d7500000,0x00000000d7500000,0x00000000d7e80000)
 ParOldGen       total 44032K, used 8371K [0x0000000080000000, 0x0000000082b00000, 0x00000000d5580000)
  object space 44032K, 19% used [0x0000000080000000,0x000000008082cf30,0x0000000082b00000)
 Metaspace       used 26575K, capacity 26900K, committed 27264K, reserved 1073152K
  class space    used 3268K, capacity 3388K, committed 3456K, reserved 1048576K
}

Deoptimization events (10 events):
Event: 48.008 Thread 0x0000000002502800 Uncommon trap: reason=class_check action=maybe_recompile pc=0x0000000002d7e260 method=org.apache.xmlbeans.impl.values.XmlObjectBase.check_element_dated()V @ 44
Event: 48.008 Thread 0x0000000002502800 Uncommon trap: reason=class_check action=maybe_recompile pc=0x0000000002d7e260 method=org.apache.xmlbeans.impl.values.XmlObjectBase.check_element_dated()V @ 44
Event: 48.008 Thread 0x0000000002502800 Uncommon trap: reason=class_check action=maybe_recompile pc=0x0000000002d7e260 method=org.apache.xmlbeans.impl.values.XmlObjectBase.check_element_dated()V @ 44
Event: 48.009 Thread 0x0000000002502800 Uncommon trap: reason=unstable_if action=reinterpret pc=0x0000000002d21c64 method=org.apache.xmlbeans.impl.values.XmlObjectBase.has_store()Z @ 7
Event: 48.204 Thread 0x0000000002502800 Uncommon trap: reason=class_check action=maybe_recompile pc=0x0000000002cc61e8 method=java.util.regex.Pattern$CharProperty.match(Ljava/util/regex/Matcher;ILjava/lang/CharSequence;)Z @ 37
Event: 48.204 Thread 0x0000000002502800 Uncommon trap: reason=class_check action=maybe_recompile pc=0x0000000002cc61e8 method=java.util.regex.Pattern$CharProperty.match(Ljava/util/regex/Matcher;ILjava/lang/CharSequence;)Z @ 37
Event: 50.844 Thread 0x0000000002502800 Uncommon trap: reason=unstable_if action=reinterpret pc=0x0000000002afb258 method=java.lang.Character.isHighSurrogate(C)Z @ 3
Event: 50.845 Thread 0x0000000002502800 Uncommon trap: reason=class_check action=maybe_recompile pc=0x0000000002cc61e8 method=java.util.regex.Pattern$CharProperty.match(Ljava/util/regex/Matcher;ILjava/lang/CharSequence;)Z @ 37
Event: 50.845 Thread 0x0000000002502800 Uncommon trap: reason=class_check action=maybe_recompile pc=0x0000000002cc61e8 method=java.util.regex.Pattern$CharProperty.match(Ljava/util/regex/Matcher;ILjava/lang/CharSequence;)Z @ 37
Event: 456.906 Thread 0x0000000002502800 Uncommon trap: reason=unstable_if action=reinterpret pc=0x0000000003027860 method=com.google.gson.internal.LinkedTreeMap.find(Ljava/lang/Object;Z)Lcom/google/gson/internal/LinkedTreeMap$Node; @ 226

Classes redefined (0 events):
No events

Internal exceptions (10 events):
Event: 515.686 Thread 0x0000000002502800 Exception <a 'java/net/SocketTimeoutException': Read timed out> (0x00000000d687f5e8) thrown at [C:\re\workspace\8-2-build-windows-amd64-cygwin\jdk8u221\13320\hotspot\src\share\vm\prims\jni.cpp, line 736]
Event: 516.297 Thread 0x0000000002502800 Exception <a 'java/net/SocketTimeoutException': Read timed out> (0x00000000d694fad8) thrown at [C:\re\workspace\8-2-build-windows-amd64-cygwin\jdk8u221\13320\hotspot\src\share\vm\prims\jni.cpp, line 736]
Event: 516.541 Thread 0x0000000002502800 Exception <a 'java/net/SocketTimeoutException': Read timed out> (0x00000000d6967278) thrown at [C:\re\workspace\8-2-build-windows-amd64-cygwin\jdk8u221\13320\hotspot\src\share\vm\prims\jni.cpp, line 736]
Event: 517.024 Thread 0x0000000002502800 Exception <a 'java/net/SocketTimeoutException': Read timed out> (0x00000000d697c6d8) thrown at [C:\re\workspace\8-2-build-windows-amd64-cygwin\jdk8u221\13320\hotspot\src\share\vm\prims\jni.cpp, line 736]
Event: 517.452 Thread 0x0000000002502800 Exception <a 'java/net/SocketTimeoutException': Read timed out> (0x00000000d6991b80) thrown at [C:\re\workspace\8-2-build-windows-amd64-cygwin\jdk8u221\13320\hotspot\src\share\vm\prims\jni.cpp, line 736]
Event: 517.516 Thread 0x0000000002502800 Exception <a 'java/net/SocketTimeoutException': Read timed out> (0x00000000d69a6fe8) thrown at [C:\re\workspace\8-2-build-windows-amd64-cygwin\jdk8u221\13320\hotspot\src\share\vm\prims\jni.cpp, line 736]
Event: 517.896 Thread 0x0000000002502800 Exception <a 'java/net/SocketTimeoutException': Read timed out> (0x00000000d6a77080) thrown at [C:\re\workspace\8-2-build-windows-amd64-cygwin\jdk8u221\13320\hotspot\src\share\vm\prims\jni.cpp, line 736]
Event: 518.529 Thread 0x0000000002502800 Exception <a 'java/net/SocketTimeoutException': Read timed out> (0x00000000d6a8e818) thrown at [C:\re\workspace\8-2-build-windows-amd64-cygwin\jdk8u221\13320\hotspot\src\share\vm\prims\jni.cpp, line 736]
Event: 518.735 Thread 0x0000000002502800 Exception <a 'java/net/SocketTimeoutException': Read timed out> (0x00000000d6aa3c78) thrown at [C:\re\workspace\8-2-build-windows-amd64-cygwin\jdk8u221\13320\hotspot\src\share\vm\prims\jni.cpp, line 736]
Event: 519.140 Thread 0x0000000002502800 Exception <a 'java/net/SocketTimeoutException': Read timed out> (0x00000000d6ab9098) thrown at [C:\re\workspace\8-2-build-windows-amd64-cygwin\jdk8u221\13320\hotspot\src\share\vm\prims\jni.cpp, line 736]

Events (10 events):
Event: 510.752 loading class org/testng/internal/EclipseInterface done
Event: 510.766 Thread 0x0000000002502800 DEOPT PACKING pc=0x0000000003114b05 sp=0x000000000244dc10
Event: 510.766 Thread 0x0000000002502800 DEOPT UNPACKING pc=0x0000000002647890 sp=0x000000000244d920 mode 0
Event: 513.272 Thread 0x0000000016fdb000 flushing nmethod 0x000000000273a0d0
Event: 513.272 Thread 0x0000000016fdb000 flushing nmethod 0x000000000273ac50
Event: 513.272 Thread 0x0000000016fdb000 flushing nmethod 0x000000000273fe50
Event: 513.272 Thread 0x0000000016fdb000 flushing nmethod 0x00000000027618d0
Event: 516.291 Thread 0x0000000017036000 flushing nmethod 0x0000000002791a50
Event: 516.292 Thread 0x0000000016fdb000 flushing nmethod 0x00000000028effd0
Event: 518.257 Thread 0x0000000017036000 flushing nmethod 0x00000000029fce10


Dynamic libraries:
0x00007ff7cf680000 - 0x00007ff7cf6b7000 	C:\Program Files\Java\jre1.8.0_221\bin\javaw.exe
0x00007fff6a310000 - 0x00007fff6a4e0000 	C:\Windows\SYSTEM32\ntdll.dll
0x00007fff67940000 - 0x00007fff679ec000 	C:\Windows\System32\KERNEL32.DLL
0x00007fff67440000 - 0x00007fff6765d000 	C:\Windows\System32\KERNELBASE.dll
0x00007fff64c60000 - 0x00007fff64cda000 	C:\Windows\system32\apphelp.dll
0x00007fff6a1f0000 - 0x00007fff6a292000 	C:\Windows\System32\ADVAPI32.dll
0x00007fff68c10000 - 0x00007fff68cae000 	C:\Windows\System32\msvcrt.dll
0x00007fff68270000 - 0x00007fff682c9000 	C:\Windows\System32\sechost.dll
0x00007fff68030000 - 0x00007fff68151000 	C:\Windows\System32\RPCRT4.dll
0x00007fff68700000 - 0x00007fff68865000 	C:\Windows\System32\USER32.dll
0x00007fff66850000 - 0x00007fff6686e000 	C:\Windows\System32\win32u.dll
0x00007fff67fe0000 - 0x00007fff68014000 	C:\Windows\System32\GDI32.dll
0x00007fff67710000 - 0x00007fff67891000 	C:\Windows\System32\gdi32full.dll
0x00007fff587b0000 - 0x00007fff58a2a000 	C:\Windows\WinSxS\amd64_microsoft.windows.common-controls_6595b64144ccf1df_6.0.14393.2273_none_7de240fc83403786\COMCTL32.dll
0x00007fff67b70000 - 0x00007fff67e38000 	C:\Windows\System32\combase.dll
0x00007fff669c0000 - 0x00007fff66ab5000 	C:\Windows\System32\ucrtbase.dll
0x00007fff673d0000 - 0x00007fff6743a000 	C:\Windows\System32\bcryptPrimitives.dll
0x00007fff68240000 - 0x00007fff6826e000 	C:\Windows\System32\IMM32.DLL
0x0000000058eb0000 - 0x0000000058f82000 	C:\Program Files\Java\jre1.8.0_221\bin\msvcr100.dll
0x0000000058f90000 - 0x0000000059835000 	C:\Program Files\Java\jre1.8.0_221\bin\server\jvm.dll
0x00007fff68230000 - 0x00007fff68238000 	C:\Windows\System32\PSAPI.DLL
0x00007fff5ce40000 - 0x00007fff5ce49000 	C:\Windows\SYSTEM32\WSOCK32.dll
0x00007fff68160000 - 0x00007fff681ca000 	C:\Windows\System32\WS2_32.dll
0x00007fff64d70000 - 0x00007fff64d93000 	C:\Windows\SYSTEM32\WINMM.dll
0x00007fff5d220000 - 0x00007fff5d22a000 	C:\Windows\SYSTEM32\VERSION.dll
0x00007fff64d10000 - 0x00007fff64d3b000 	C:\Windows\SYSTEM32\WINMMBASE.dll
0x00007fff66800000 - 0x00007fff66842000 	C:\Windows\System32\cfgmgr32.dll
0x00007fff5db50000 - 0x00007fff5db5f000 	C:\Program Files\Java\jre1.8.0_221\bin\verify.dll
0x00007fff48dd0000 - 0x00007fff48df9000 	C:\Program Files\Java\jre1.8.0_221\bin\java.dll
0x00007fff55410000 - 0x00007fff55426000 	C:\Program Files\Java\jre1.8.0_221\bin\zip.dll
0x00007fff68cd0000 - 0x00007fff6a1d5000 	C:\Windows\System32\SHELL32.dll
0x00007fff66b20000 - 0x00007fff671f9000 	C:\Windows\System32\windows.storage.dll
0x00007fff667a0000 - 0x00007fff667ec000 	C:\Windows\System32\powrprof.dll
0x00007fff67b10000 - 0x00007fff67b62000 	C:\Windows\System32\shlwapi.dll
0x00007fff66790000 - 0x00007fff6679f000 	C:\Windows\System32\kernel.appcore.dll
0x00007fff66910000 - 0x00007fff669b9000 	C:\Windows\System32\shcore.dll
0x00007fff66770000 - 0x00007fff66784000 	C:\Windows\System32\profapi.dll
0x00007fff4f550000 - 0x00007fff4f56a000 	C:\Program Files\Java\jre1.8.0_221\bin\net.dll
0x00007fff59e20000 - 0x00007fff59fe2000 	C:\Windows\SYSTEM32\urlmon.dll
0x00007fff61210000 - 0x00007fff614b5000 	C:\Windows\SYSTEM32\iertutil.dll
0x00007fff66040000 - 0x00007fff6609c000 	C:\Windows\system32\mswsock.dll
0x00007fff65e00000 - 0x00007fff65ea1000 	C:\Windows\SYSTEM32\DNSAPI.dll
0x00007fff6a1e0000 - 0x00007fff6a1e8000 	C:\Windows\System32\NSI.dll
0x00007fff65dc0000 - 0x00007fff65df8000 	C:\Windows\SYSTEM32\IPHLPAPI.DLL
0x00007fff5fde0000 - 0x00007fff5fdea000 	C:\Windows\System32\rasadhlp.dll
0x00007fff63be0000 - 0x00007fff63c4a000 	C:\Windows\System32\fwpuclnt.dll
0x00007fff666b0000 - 0x00007fff666db000 	C:\Windows\SYSTEM32\bcrypt.dll
0x00007fff661f0000 - 0x00007fff66207000 	C:\Windows\SYSTEM32\CRYPTSP.dll
0x00007fff65c50000 - 0x00007fff65c83000 	C:\Windows\system32\rsaenh.dll
0x00007fff65ec0000 - 0x00007fff65edf000 	C:\Windows\SYSTEM32\USERENV.dll
0x00007fff661e0000 - 0x00007fff661eb000 	C:\Windows\SYSTEM32\CRYPTBASE.dll
0x00007fff638f0000 - 0x00007fff63906000 	C:\Windows\SYSTEM32\dhcpcsvc6.DLL
0x00007fff638d0000 - 0x00007fff638ea000 	C:\Windows\SYSTEM32\dhcpcsvc.DLL
0x00007fff464c0000 - 0x00007fff464d2000 	C:\Program Files\Java\jre1.8.0_221\bin\nio.dll
0x00007fff5c8b0000 - 0x00007fff5c8c6000 	C:\Windows\system32\napinsp.dll
0x00007fff5d720000 - 0x00007fff5d72e000 	C:\Windows\System32\winrnr.dll
0x00007fff61750000 - 0x00007fff61768000 	C:\Windows\system32\NLAapi.dll
0x00007fff43570000 - 0x00007fff43594000 	C:\Program Files\Java\jre1.8.0_221\bin\sunec.dll

VM Arguments:
jvm_args: -ea -Dfile.encoding=Cp1252 
java_command: org.testng.remote.RemoteTestNG -serport 52100 -protocol json -d E:\Sanjeev_worspace\latest\APTprojectdemo-master\test-output C:\Users\SKATHI~1\AppData\Local\Temp\testng-eclipse-200615175\testng-customsuite.xml
java_class_path (initial): E:\Eclipse\eclipse\configuration\org.eclipse.osgi\967\0\.cp\lib\testng-remote.jar;E:\Sanjeev_worspace\latest\APTprojectdemo-master\bin;E:\Sanjeev_worspace\latest\APTprojectdemo-master\lib\commons-codec-1.10.jar;E:\Sanjeev_worspace\latest\APTprojectdemo-master\lib\commons-collections4-4.1.jar;E:\Sanjeev_worspace\latest\APTprojectdemo-master\lib\commons-logging-1.2.jar;E:\Sanjeev_worspace\latest\APTprojectdemo-master\lib\curvesapi-1.04.jar;E:\Sanjeev_worspace\latest\APTprojectdemo-master\lib\dom4j-2.1.1 (1).jar;E:\Sanjeev_worspace\latest\APTprojectdemo-master\lib\extentreports-2.40.2.jar;E:\Sanjeev_worspace\latest\APTprojectdemo-master\lib\extentreports-2.41.2.jar;E:\Sanjeev_worspace\latest\APTprojectdemo-master\lib\freemarker-2.3.23.jar;E:\Sanjeev_worspace\latest\APTprojectdemo-master\lib\guice-3.0.jar;E:\Sanjeev_worspace\latest\APTprojectdemo-master\lib\jaxen-1.1.4.jar;E:\Sanjeev_worspace\latest\APTprojectdemo-master\lib\junit-4.12.jar;E:\Sanjeev_worspace\latest\APTprojectdemo-master\lib\log4j-1.2.17.jar;E:\Sanjeev_worspace\latest\APTprojectdemo-master\lib\pdfbox-app-1.8.15.jar;E:\Sanjeev_worspace\latest\APTprojectdemo-master\lib\pdfbox-app-2.0.11.jar;E:\Sanjeev_worspace\latest\APTprojectdemo-master\lib\poi-3.17.jar;E:\Sanjeev_worspace\latest\APTprojectdemo-master\lib\poi-examples-3.17.jar;E:\Sanjeev_worspace\latest\APTprojectdemo-master\lib\poi-excelant-3.17.jar;E:\Sanjeev_worspace\latest\APTprojectdemo-master\lib\poi-ooxml-3.17.jar;E:\Sanjeev_worspace\latest\APTprojectdemo-master\lib\poi-ooxml-schemas-3.17.jar;E:\Sanjeev_worspace\latest\APTprojectdemo-master\lib\poi-scratchpad-3.17.jar;E:\Sanjeev_worspace\latest\APTprojectdemo-master\lib\velocity-dep-1.4.jar;E:\Sanjeev_worspace\latest\APTprojectdemo-master\lib\reportng-1.1.4.jar;E:\Sanjeev_worspace\latest\APTprojectdemo-master\lib\selenium-server-standalone-3.4.0.jar;E:\Sanjeev_worspace\latest\APTprojectdemo-master\lib\testng-6.8.5.jar;E:\Sanjeev_worspace\latest\APTprojectdemo-master\l
Launcher Type: SUN_STANDARD

Environment Variables:
JAVA_HOME=C:\Program Files\Java\jre1.8.0_221
PATH=C:/Program Files/Java/jre1.8.0_221/bin/server;C:/Program Files/Java/jre1.8.0_221/bin;C:/Program Files/Java/jre1.8.0_221/lib/amd64;C:\Program Files (x86)\Common Files\Oracle\Java\javapath;C:\Windows\system32;C:\Windows;C:\Windows\System32\Wbem;C:\Windows\System32\WindowsPowerShell\v1.0\;C:\Program Files\Java\jre1.8.0_221\bin;C:\Users\SKathiresan-ADM\AppData\Local\Microsoft\WindowsApps;E:\Eclipse\eclipse;
USERNAME=SKathiresan-ADM
OS=Windows_NT
PROCESSOR_IDENTIFIER=Intel64 Family 6 Model 79 Stepping 1, GenuineIntel



---------------  S Y S T E M  ---------------

OS: Windows 10.0 , 64 bit Build 14393 (10.0.14393.2214)

CPU:total 2 (initial active 2) (2 cores per cpu, 1 threads per core) family 6 model 79 stepping 1, cmov, cx8, fxsr, mmx, sse, sse2, sse3, ssse3, sse4.1, sse4.2, popcnt, avx, avx2, aes, clmul, erms, rtm, 3dnowpref, lzcnt, tsc, tscinvbit, bmi1, bmi2, adx

Memory: 4k page, physical 8388148k(237320k free), swap 16188208k(3236k free)

vm_info: Java HotSpot(TM) 64-Bit Server VM (25.221-b11) for windows-amd64 JRE (1.8.0_221-b11), built on Jul  4 2019 04:39:29 by "java_re" with MS VC++ 10.0 (VS2010)

time: Mon Dec 02 07:38:40 2019
timezone: GMT Standard Time
elapsed time: 519 seconds (0d 0h 8m 39s)

