#
# There is insufficient memory for the Java Runtime Environment to continue.
# Native memory allocation (malloc) failed to allocate 32744 bytes for ChunkPool::allocate
# Possible reasons:
#   The system is out of physical RAM or swap space
#   The process is running with CompressedOops enabled, and the Java Heap may be blocking the growth of the native heap
# Possible solutions:
#   Reduce memory load on the system
#   Increase physical memory or swap space
#   Check if swap backing store is full
#   Decrease Java heap size (-Xmx/-Xms)
#   Decrease number of Java threads
#   Decrease Java thread stack sizes (-Xss)
#   Set larger code cache with -XX:ReservedCodeCacheSize=
#   JVM is running with Unscaled Compressed Oops mode in which the Java heap is
#     placed in the first 4GB address space. The Java Heap base address is the
#     maximum limit for the native heap growth. Please use -XX:HeapBaseMinAddress
#     to set the Java Heap base and to place the Java Heap above 4GB virtual address.
# This output file may be truncated or incomplete.
#
#  Out of Memory Error (allocation.cpp:272), pid=12912, tid=0x000000000000917c
#
# JRE version: Java(TM) SE Runtime Environment (8.0_221-b11) (build 1.8.0_221-b11)
# Java VM: Java HotSpot(TM) 64-Bit Server VM (25.221-b11 mixed mode windows-amd64 compressed oops)
# Failed to write core dump. Call to MiniDumpWriteDump() failed (Error 0x800705af: The paging file is too small for this operation to complete.
)
#

---------------  T H R E A D  ---------------

Current thread (0x00000000176dd000):  JavaThread "C2 CompilerThread0" daemon [_thread_in_native, id=37244, stack(0x0000000018710000,0x0000000018810000)]

Stack: [0x0000000018710000,0x0000000018810000]
[error occurred during error reporting (printing stack bounds), id 0xc0000005]

Native frames: (J=compiled Java code, j=interpreted, Vv=VM code, C=native code)


Current CompileTask:
C2: 399644 3747       4       com.google.gson.stream.JsonReader::nextQuotedValue (196 bytes)


---------------  P R O C E S S  ---------------

Java Threads: ( => current thread )
  0x0000000018d7a000 JavaThread "Exec Stream Pumper" daemon [_thread_in_native, id=36704, stack(0x000000001a450000,0x000000001a550000)]
  0x0000000018d78000 JavaThread "Exec Stream Pumper" daemon [_thread_in_native, id=11300, stack(0x000000001a350000,0x000000001a450000)]
  0x0000000019016000 JavaThread "Exec Default Executor" daemon [_thread_in_native, id=28564, stack(0x000000001a150000,0x000000001a250000)]
  0x0000000018f2d000 JavaThread "ReaderThread" [_thread_in_native, id=28068, stack(0x0000000019a50000,0x0000000019b50000)]
  0x000000001773f000 JavaThread "Service Thread" daemon [_thread_blocked, id=24776, stack(0x0000000018910000,0x0000000018a10000)]
  0x0000000017738000 JavaThread "C1 CompilerThread1" daemon [_thread_blocked, id=34948, stack(0x0000000018810000,0x0000000018910000)]
=>0x00000000176dd000 JavaThread "C2 CompilerThread0" daemon [_thread_in_native, id=37244, stack(0x0000000018710000,0x0000000018810000)]
  0x00000000176da800 JavaThread "Attach Listener" daemon [_thread_blocked, id=6356, stack(0x0000000018610000,0x0000000018710000)]
  0x00000000176d7800 JavaThread "Signal Dispatcher" daemon [_thread_blocked, id=35444, stack(0x0000000018510000,0x0000000018610000)]
  0x0000000002cf9000 JavaThread "Finalizer" daemon [_thread_blocked, id=32540, stack(0x0000000018320000,0x0000000018420000)]
  0x0000000002cf0000 JavaThread "Reference Handler" daemon [_thread_blocked, id=37512, stack(0x0000000018220000,0x0000000018320000)]
  0x0000000002c02800 JavaThread "Forwarding getElementText on session 666303e1c335542dc97b126fff48790e to remote" [_thread_in_native, id=36676, stack(0x0000000002920000,0x0000000002a20000)]

Other Threads:
  0x00000000176a7000 VMThread [stack: 0x0000000018120000,0x0000000018220000] [id=33988]
  0x0000000017742800 WatcherThread [stack: 0x0000000018a10000,0x0000000018b10000] [id=31912]

VM state:not at safepoint (normal execution)

VM Mutex/Monitor currently owned by a thread: None

heap address: 0x0000000080000000, size: 2048 MB, Compressed Oops mode: 32-bit
Narrow klass base: 0x0000000000000000, Narrow klass shift: 3
Compressed class space size: 1073741824 Address: 0x0000000100000000

Heap:
 PSYoungGen      total 38400K, used 35337K [0x00000000d5580000, 0x00000000d8000000, 0x0000000100000000)
  eden space 33280K, 90% used [0x00000000d5580000,0x00000000d7308060,0x00000000d7600000)
  from space 5120K, 99% used [0x00000000d7b00000,0x00000000d7ffa540,0x00000000d8000000)
  to   space 5120K, 0% used [0x00000000d7600000,0x00000000d7600000,0x00000000d7b00000)
 ParOldGen       total 43520K, used 8232K [0x0000000080000000, 0x0000000082a80000, 0x00000000d5580000)
  object space 43520K, 18% used [0x0000000080000000,0x000000008080a3b8,0x0000000082a80000)
 Metaspace       used 26732K, capacity 27094K, committed 27264K, reserved 1073152K
  class space    used 3277K, capacity 3431K, committed 3456K, reserved 1048576K

Card table byte_map: [0x00000000120c0000,0x00000000124d0000] byte_map_base: 0x0000000011cc0000

Marking Bits: (ParMarkBitMap*) 0x00000000597b5ce0
 Begin Bits: [0x0000000012980000, 0x0000000014980000)
 End Bits:   [0x0000000014980000, 0x0000000016980000)

Polling page: 0x0000000000eb0000

CodeCache: size=245760Kb used=11903Kb max_used=11914Kb free=233856Kb
 bounds [0x0000000002d00000, 0x00000000038b0000, 0x0000000011d00000]
 total_blobs=3815 nmethods=3345 adapters=382
 compilation: enabled

Compilation events (10 events):
Event: 390.209 Thread 0x0000000017738000 3743       3       com.google.gson.internal.LinkedTreeMap::rotateLeft (118 bytes)
Event: 390.209 Thread 0x0000000017738000 nmethod 3743 0x00000000038a7850 code [0x00000000038a79e0, 0x00000000038a7ee8]
Event: 390.215 Thread 0x00000000176dd000 nmethod 3740 0x00000000038ac890 code [0x00000000038aca00, 0x00000000038ad1d8]
Event: 391.876 Thread 0x00000000176dd000 3744       4       java.util.ArrayList::grow (45 bytes)
Event: 391.878 Thread 0x00000000176dd000 nmethod 3744 0x00000000038aaa90 code [0x00000000038aabe0, 0x00000000038aae18]
Event: 392.572 Thread 0x00000000176dd000 3745       4       com.google.common.collect.AbstractMapBasedMultimap$WrappedCollection::refreshIfEmpty (78 bytes)
Event: 392.573 Thread 0x00000000176dd000 nmethod 3745 0x00000000038adcd0 code [0x00000000038ade20, 0x00000000038adf18]
Event: 398.650 Thread 0x0000000017738000 3746       3       org.openqa.selenium.remote.RemoteWebElement::execute (10 bytes)
Event: 398.676 Thread 0x0000000017738000 nmethod 3746 0x00000000038a7410 code [0x00000000038a7580, 0x00000000038a7788]
Event: 399.580 Thread 0x00000000176dd000 3747       4       com.google.gson.stream.JsonReader::nextQuotedValue (196 bytes)

GC Heap History (10 events):
Event: 6.103 GC heap before
{Heap before GC invocations=1 (full 0):
 PSYoungGen      total 38400K, used 33280K [0x00000000d5580000, 0x00000000d8000000, 0x0000000100000000)
  eden space 33280K, 100% used [0x00000000d5580000,0x00000000d7600000,0x00000000d7600000)
  from space 5120K, 0% used [0x00000000d7b00000,0x00000000d7b00000,0x00000000d8000000)
  to   space 5120K, 0% used [0x00000000d7600000,0x00000000d7600000,0x00000000d7b00000)
 ParOldGen       total 87552K, used 0K [0x0000000080000000, 0x0000000085580000, 0x00000000d5580000)
  object space 87552K, 0% used [0x0000000080000000,0x0000000080000000,0x0000000085580000)
 Metaspace       used 12154K, capacity 12310K, committed 12544K, reserved 1060864K
  class space    used 1486K, capacity 1521K, committed 1536K, reserved 1048576K
Event: 6.112 GC heap after
Heap after GC invocations=1 (full 0):
 PSYoungGen      total 38400K, used 5116K [0x00000000d5580000, 0x00000000d8000000, 0x0000000100000000)
  eden space 33280K, 0% used [0x00000000d5580000,0x00000000d5580000,0x00000000d7600000)
  from space 5120K, 99% used [0x00000000d7600000,0x00000000d7aff1a8,0x00000000d7b00000)
  to   space 5120K, 0% used [0x00000000d7b00000,0x00000000d7b00000,0x00000000d8000000)
 ParOldGen       total 87552K, used 1643K [0x0000000080000000, 0x0000000085580000, 0x00000000d5580000)
  object space 87552K, 1% used [0x0000000080000000,0x000000008019ac38,0x0000000085580000)
 Metaspace       used 12154K, capacity 12310K, committed 12544K, reserved 1060864K
  class space    used 1486K, capacity 1521K, committed 1536K, reserved 1048576K
}
Event: 31.228 GC heap before
{Heap before GC invocations=2 (full 0):
 PSYoungGen      total 38400K, used 38396K [0x00000000d5580000, 0x00000000d8000000, 0x0000000100000000)
  eden space 33280K, 100% used [0x00000000d5580000,0x00000000d7600000,0x00000000d7600000)
  from space 5120K, 99% used [0x00000000d7600000,0x00000000d7aff1a8,0x00000000d7b00000)
  to   space 5120K, 0% used [0x00000000d7b00000,0x00000000d7b00000,0x00000000d8000000)
 ParOldGen       total 87552K, used 1643K [0x0000000080000000, 0x0000000085580000, 0x00000000d5580000)
  object space 87552K, 1% used [0x0000000080000000,0x000000008019ac38,0x0000000085580000)
 Metaspace       used 18722K, capacity 19030K, committed 19200K, reserved 1067008K
  class space    used 2409K, capacity 2555K, committed 2560K, reserved 1048576K
Event: 31.246 GC heap after
Heap after GC invocations=2 (full 0):
 PSYoungGen      total 38400K, used 5104K [0x00000000d5580000, 0x00000000d8000000, 0x0000000100000000)
  eden space 33280K, 0% used [0x00000000d5580000,0x00000000d5580000,0x00000000d7600000)
  from space 5120K, 99% used [0x00000000d7b00000,0x00000000d7ffc050,0x00000000d8000000)
  to   space 5120K, 0% used [0x00000000d7600000,0x00000000d7600000,0x00000000d7b00000)
 ParOldGen       total 87552K, used 4659K [0x0000000080000000, 0x0000000085580000, 0x00000000d5580000)
  object space 87552K, 5% used [0x0000000080000000,0x000000008048cdc8,0x0000000085580000)
 Metaspace       used 18722K, capacity 19030K, committed 19200K, reserved 1067008K
  class space    used 2409K, capacity 2555K, committed 2560K, reserved 1048576K
}
Event: 38.584 GC heap before
{Heap before GC invocations=3 (full 0):
 PSYoungGen      total 38400K, used 18428K [0x00000000d5580000, 0x00000000d8000000, 0x0000000100000000)
  eden space 33280K, 40% used [0x00000000d5580000,0x00000000d62830f8,0x00000000d7600000)
  from space 5120K, 99% used [0x00000000d7b00000,0x00000000d7ffc050,0x00000000d8000000)
  to   space 5120K, 0% used [0x00000000d7600000,0x00000000d7600000,0x00000000d7b00000)
 ParOldGen       total 87552K, used 4659K [0x0000000080000000, 0x0000000085580000, 0x00000000d5580000)
  object space 87552K, 5% used [0x0000000080000000,0x000000008048cdc8,0x0000000085580000)
 Metaspace       used 20876K, capacity 21150K, committed 21248K, reserved 1067008K
  class space    used 2636K, capacity 2767K, committed 2816K, reserved 1048576K
Event: 38.595 GC heap after
Heap after GC invocations=3 (full 0):
 PSYoungGen      total 38400K, used 5104K [0x00000000d5580000, 0x00000000d8000000, 0x0000000100000000)
  eden space 33280K, 0% used [0x00000000d5580000,0x00000000d5580000,0x00000000d7600000)
  from space 5120K, 99% used [0x00000000d7600000,0x00000000d7afc030,0x00000000d7b00000)
  to   space 5120K, 0% used [0x00000000d7b00000,0x00000000d7b00000,0x00000000d8000000)
 ParOldGen       total 87552K, used 6437K [0x0000000080000000, 0x0000000085580000, 0x00000000d5580000)
  object space 87552K, 7% used [0x0000000080000000,0x00000000806496d0,0x0000000085580000)
 Metaspace       used 20876K, capacity 21150K, committed 21248K, reserved 1067008K
  class space    used 2636K, capacity 2767K, committed 2816K, reserved 1048576K
}
Event: 38.595 GC heap before
{Heap before GC invocations=4 (full 1):
 PSYoungGen      total 38400K, used 5104K [0x00000000d5580000, 0x00000000d8000000, 0x0000000100000000)
  eden space 33280K, 0% used [0x00000000d5580000,0x00000000d5580000,0x00000000d7600000)
  from space 5120K, 99% used [0x00000000d7600000,0x00000000d7afc030,0x00000000d7b00000)
  to   space 5120K, 0% used [0x00000000d7b00000,0x00000000d7b00000,0x00000000d8000000)
 ParOldGen       total 87552K, used 6437K [0x0000000080000000, 0x0000000085580000, 0x00000000d5580000)
  object space 87552K, 7% used [0x0000000080000000,0x00000000806496d0,0x0000000085580000)
 Metaspace       used 20876K, capacity 21150K, committed 21248K, reserved 1067008K
  class space    used 2636K, capacity 2767K, committed 2816K, reserved 1048576K
Event: 38.720 GC heap after
Heap after GC invocations=4 (full 1):
 PSYoungGen      total 38400K, used 0K [0x00000000d5580000, 0x00000000d8000000, 0x0000000100000000)
  eden space 33280K, 0% used [0x00000000d5580000,0x00000000d5580000,0x00000000d7600000)
  from space 5120K, 0% used [0x00000000d7600000,0x00000000d7600000,0x00000000d7b00000)
  to   space 5120K, 0% used [0x00000000d7b00000,0x00000000d7b00000,0x00000000d8000000)
 ParOldGen       total 43520K, used 6970K [0x0000000080000000, 0x0000000082a80000, 0x00000000d5580000)
  object space 43520K, 16% used [0x0000000080000000,0x00000000806ce928,0x0000000082a80000)
 Metaspace       used 20876K, capacity 21150K, committed 21248K, reserved 1067008K
  class space    used 2636K, capacity 2767K, committed 2816K, reserved 1048576K
}
Event: 95.374 GC heap before
{Heap before GC invocations=5 (full 1):
 PSYoungGen      total 38400K, used 33280K [0x00000000d5580000, 0x00000000d8000000, 0x0000000100000000)
  eden space 33280K, 100% used [0x00000000d5580000,0x00000000d7600000,0x00000000d7600000)
  from space 5120K, 0% used [0x00000000d7600000,0x00000000d7600000,0x00000000d7b00000)
  to   space 5120K, 0% used [0x00000000d7b00000,0x00000000d7b00000,0x00000000d8000000)
 ParOldGen       total 43520K, used 6970K [0x0000000080000000, 0x0000000082a80000, 0x00000000d5580000)
  object space 43520K, 16% used [0x0000000080000000,0x00000000806ce928,0x0000000082a80000)
 Metaspace       used 25667K, capacity 26054K, committed 26240K, reserved 1073152K
  class space    used 3267K, capacity 3431K, committed 3456K, reserved 1048576K
Event: 95.383 GC heap after
Heap after GC invocations=5 (full 1):
 PSYoungGen      total 38400K, used 5097K [0x00000000d5580000, 0x00000000d8000000, 0x0000000100000000)
  eden space 33280K, 0% used [0x00000000d5580000,0x00000000d5580000,0x00000000d7600000)
  from space 5120K, 99% used [0x00000000d7b00000,0x00000000d7ffa540,0x00000000d8000000)
  to   space 5120K, 0% used [0x00000000d7600000,0x00000000d7600000,0x00000000d7b00000)
 ParOldGen       total 43520K, used 8232K [0x0000000080000000, 0x0000000082a80000, 0x00000000d5580000)
  object space 43520K, 18% used [0x0000000080000000,0x000000008080a3b8,0x0000000082a80000)
 Metaspace       used 25667K, capacity 26054K, committed 26240K, reserved 1073152K
  class space    used 3267K, capacity 3431K, committed 3456K, reserved 1048576K
}

Deoptimization events (10 events):
Event: 39.482 Thread 0x0000000002c02800 Uncommon trap: reason=unstable_if action=reinterpret pc=0x00000000033baa7c method=org.apache.xmlbeans.impl.store.Cur.moveToNoCheck(Lorg/apache/xmlbeans/impl/store/Xobj;I)V @ 5
Event: 39.596 Thread 0x0000000002c02800 Uncommon trap: reason=unstable_if action=reinterpret pc=0x0000000003430274 method=org.apache.xerces.impl.XMLEntityScanner.skipSpaces()Z @ 248
Event: 39.625 Thread 0x0000000002c02800 Uncommon trap: reason=unstable_if action=reinterpret pc=0x00000000034ff464 method=org.apache.xmlbeans.impl.values.XmlObjectBase.has_store()Z @ 7
Event: 39.653 Thread 0x0000000002c02800 Uncommon trap: reason=unstable_if action=reinterpret pc=0x00000000031fc194 method=java.util.concurrent.ConcurrentHashMap.get(Ljava/lang/Object;)Ljava/lang/Object; @ 76
Event: 39.660 Thread 0x0000000002c02800 Uncommon trap: reason=class_check action=maybe_recompile pc=0x000000000343d7e8 method=java.util.regex.Pattern$CharProperty.match(Ljava/util/regex/Matcher;ILjava/lang/CharSequence;)Z @ 37
Event: 39.660 Thread 0x0000000002c02800 Uncommon trap: reason=class_check action=maybe_recompile pc=0x000000000343d7e8 method=java.util.regex.Pattern$CharProperty.match(Ljava/util/regex/Matcher;ILjava/lang/CharSequence;)Z @ 37
Event: 42.841 Thread 0x0000000002c02800 Uncommon trap: reason=unstable_if action=reinterpret pc=0x0000000003280018 method=java.lang.Character.isHighSurrogate(C)Z @ 3
Event: 42.842 Thread 0x0000000002c02800 Uncommon trap: reason=class_check action=maybe_recompile pc=0x000000000343d7e8 method=java.util.regex.Pattern$CharProperty.match(Ljava/util/regex/Matcher;ILjava/lang/CharSequence;)Z @ 37
Event: 42.842 Thread 0x0000000002c02800 Uncommon trap: reason=class_check action=maybe_recompile pc=0x000000000343d7e8 method=java.util.regex.Pattern$CharProperty.match(Ljava/util/regex/Matcher;ILjava/lang/CharSequence;)Z @ 37
Event: 44.767 Thread 0x0000000002c02800 Uncommon trap: reason=unstable_if action=reinterpret pc=0x00000000031ca848 method=jdk.internal.org.objectweb.asm.ByteVector.putShort(I)Ljdk/internal/org/objectweb/asm/ByteVector; @ 13

Classes redefined (0 events):
No events

Internal exceptions (10 events):
Event: 389.381 Thread 0x0000000002c02800 Exception <a 'java/net/SocketTimeoutException': Read timed out> (0x00000000d7212c78) thrown at [C:\re\workspace\8-2-build-windows-amd64-cygwin\jdk8u221\13320\hotspot\src\share\vm\prims\jni.cpp, line 736]
Event: 390.211 Thread 0x0000000002c02800 Exception <a 'java/net/SocketTimeoutException': Read timed out> (0x00000000d7228030) thrown at [C:\re\workspace\8-2-build-windows-amd64-cygwin\jdk8u221\13320\hotspot\src\share\vm\prims\jni.cpp, line 736]
Event: 391.036 Thread 0x0000000002c02800 Exception <a 'java/net/SocketTimeoutException': Read timed out> (0x00000000d723d398) thrown at [C:\re\workspace\8-2-build-windows-amd64-cygwin\jdk8u221\13320\hotspot\src\share\vm\prims\jni.cpp, line 736]
Event: 391.878 Thread 0x0000000002c02800 Exception <a 'java/net/SocketTimeoutException': Read timed out> (0x00000000d7252700) thrown at [C:\re\workspace\8-2-build-windows-amd64-cygwin\jdk8u221\13320\hotspot\src\share\vm\prims\jni.cpp, line 736]
Event: 392.574 Thread 0x0000000002c02800 Exception <a 'java/net/SocketTimeoutException': Read timed out> (0x00000000d7267ad8) thrown at [C:\re\workspace\8-2-build-windows-amd64-cygwin\jdk8u221\13320\hotspot\src\share\vm\prims\jni.cpp, line 736]
Event: 393.103 Thread 0x0000000002c02800 Exception <a 'java/net/SocketTimeoutException': Read timed out> (0x00000000d727ce40) thrown at [C:\re\workspace\8-2-build-windows-amd64-cygwin\jdk8u221\13320\hotspot\src\share\vm\prims\jni.cpp, line 736]
Event: 393.941 Thread 0x0000000002c02800 Exception <a 'java/net/SocketTimeoutException': Read timed out> (0x00000000d72921a8) thrown at [C:\re\workspace\8-2-build-windows-amd64-cygwin\jdk8u221\13320\hotspot\src\share\vm\prims\jni.cpp, line 736]
Event: 397.817 Thread 0x0000000002c02800 Exception <a 'java/net/SocketTimeoutException': Read timed out> (0x00000000d72a7528) thrown at [C:\re\workspace\8-2-build-windows-amd64-cygwin\jdk8u221\13320\hotspot\src\share\vm\prims\jni.cpp, line 736]
Event: 398.678 Thread 0x0000000002c02800 Exception <a 'java/net/SocketTimeoutException': Read timed out> (0x00000000d72bc8b0) thrown at [C:\re\workspace\8-2-build-windows-amd64-cygwin\jdk8u221\13320\hotspot\src\share\vm\prims\jni.cpp, line 736]
Event: 399.581 Thread 0x0000000002c02800 Exception <a 'java/net/SocketTimeoutException': Read timed out> (0x00000000d72d2110) thrown at [C:\re\workspace\8-2-build-windows-amd64-cygwin\jdk8u221\13320\hotspot\src\share\vm\prims\jni.cpp, line 736]

Events (10 events):
Event: 381.032 Thread 0x0000000017738000 flushing nmethod 0x00000000034f8810
Event: 381.033 Thread 0x0000000017738000 flushing nmethod 0x0000000003571790
Event: 381.033 Thread 0x0000000017738000 flushing nmethod 0x0000000003572a50
Event: 381.033 Thread 0x0000000017738000 flushing nmethod 0x0000000003573dd0
Event: 381.033 Thread 0x0000000017738000 flushing nmethod 0x00000000035745d0
Event: 381.033 Thread 0x0000000017738000 flushing nmethod 0x0000000003574fd0
Event: 381.033 Thread 0x0000000017738000 flushing nmethod 0x0000000003576dd0
Event: 381.033 Thread 0x0000000017738000 flushing nmethod 0x0000000003577990
Event: 381.033 Thread 0x0000000017738000 flushing nmethod 0x00000000035780d0
Event: 381.033 Thread 0x0000000017738000 flushing nmethod 0x00000000035786d0


Dynamic libraries:
0x00007ff798bf0000 - 0x00007ff798c27000 	C:\Program Files\Java\jre1.8.0_221\bin\javaw.exe
0x00007fff6a310000 - 0x00007fff6a4e0000 	C:\Windows\SYSTEM32\ntdll.dll
0x00007fff67940000 - 0x00007fff679ec000 	C:\Windows\System32\KERNEL32.DLL
0x00007fff67440000 - 0x00007fff6765d000 	C:\Windows\System32\KERNELBASE.dll
0x00007fff64c60000 - 0x00007fff64cda000 	C:\Windows\system32\apphelp.dll
0x00007fff6a1f0000 - 0x00007fff6a292000 	C:\Windows\System32\ADVAPI32.dll
0x00007fff68c10000 - 0x00007fff68cae000 	C:\Windows\System32\msvcrt.dll
0x00007fff68270000 - 0x00007fff682c9000 	C:\Windows\System32\sechost.dll
0x00007fff68030000 - 0x00007fff68151000 	C:\Windows\System32\RPCRT4.dll
0x00007fff68700000 - 0x00007fff68865000 	C:\Windows\System32\USER32.dll
0x00007fff66850000 - 0x00007fff6686e000 	C:\Windows\System32\win32u.dll
0x00007fff67fe0000 - 0x00007fff68014000 	C:\Windows\System32\GDI32.dll
0x00007fff67710000 - 0x00007fff67891000 	C:\Windows\System32\gdi32full.dll
0x00007fff587b0000 - 0x00007fff58a2a000 	C:\Windows\WinSxS\amd64_microsoft.windows.common-controls_6595b64144ccf1df_6.0.14393.2273_none_7de240fc83403786\COMCTL32.dll
0x00007fff67b70000 - 0x00007fff67e38000 	C:\Windows\System32\combase.dll
0x00007fff669c0000 - 0x00007fff66ab5000 	C:\Windows\System32\ucrtbase.dll
0x00007fff673d0000 - 0x00007fff6743a000 	C:\Windows\System32\bcryptPrimitives.dll
0x00007fff68240000 - 0x00007fff6826e000 	C:\Windows\System32\IMM32.DLL
0x0000000058e50000 - 0x0000000058f22000 	C:\Program Files\Java\jre1.8.0_221\bin\msvcr100.dll
0x0000000058f90000 - 0x0000000059835000 	C:\Program Files\Java\jre1.8.0_221\bin\server\jvm.dll
0x00007fff68230000 - 0x00007fff68238000 	C:\Windows\System32\PSAPI.DLL
0x00007fff5ce40000 - 0x00007fff5ce49000 	C:\Windows\SYSTEM32\WSOCK32.dll
0x00007fff68160000 - 0x00007fff681ca000 	C:\Windows\System32\WS2_32.dll
0x00007fff64d70000 - 0x00007fff64d93000 	C:\Windows\SYSTEM32\WINMM.dll
0x00007fff5d220000 - 0x00007fff5d22a000 	C:\Windows\SYSTEM32\VERSION.dll
0x00007fff64d10000 - 0x00007fff64d3b000 	C:\Windows\SYSTEM32\WINMMBASE.dll
0x00007fff66800000 - 0x00007fff66842000 	C:\Windows\System32\cfgmgr32.dll
0x00007fff5db50000 - 0x00007fff5db5f000 	C:\Program Files\Java\jre1.8.0_221\bin\verify.dll
0x00007fff48dd0000 - 0x00007fff48df9000 	C:\Program Files\Java\jre1.8.0_221\bin\java.dll
0x00007fff55410000 - 0x00007fff55426000 	C:\Program Files\Java\jre1.8.0_221\bin\zip.dll
0x00007fff68cd0000 - 0x00007fff6a1d5000 	C:\Windows\System32\SHELL32.dll
0x00007fff66b20000 - 0x00007fff671f9000 	C:\Windows\System32\windows.storage.dll
0x00007fff667a0000 - 0x00007fff667ec000 	C:\Windows\System32\powrprof.dll
0x00007fff67b10000 - 0x00007fff67b62000 	C:\Windows\System32\shlwapi.dll
0x00007fff66790000 - 0x00007fff6679f000 	C:\Windows\System32\kernel.appcore.dll
0x00007fff66910000 - 0x00007fff669b9000 	C:\Windows\System32\shcore.dll
0x00007fff66770000 - 0x00007fff66784000 	C:\Windows\System32\profapi.dll
0x00007fff4f550000 - 0x00007fff4f56a000 	C:\Program Files\Java\jre1.8.0_221\bin\net.dll
0x00007fff59e20000 - 0x00007fff59fe2000 	C:\Windows\SYSTEM32\urlmon.dll
0x00007fff61210000 - 0x00007fff614b5000 	C:\Windows\SYSTEM32\iertutil.dll
0x00007fff66040000 - 0x00007fff6609c000 	C:\Windows\system32\mswsock.dll
0x00007fff65e00000 - 0x00007fff65ea1000 	C:\Windows\SYSTEM32\DNSAPI.dll
0x00007fff6a1e0000 - 0x00007fff6a1e8000 	C:\Windows\System32\NSI.dll
0x00007fff65dc0000 - 0x00007fff65df8000 	C:\Windows\SYSTEM32\IPHLPAPI.DLL
0x00007fff5fde0000 - 0x00007fff5fdea000 	C:\Windows\System32\rasadhlp.dll
0x00007fff63be0000 - 0x00007fff63c4a000 	C:\Windows\System32\fwpuclnt.dll
0x00007fff666b0000 - 0x00007fff666db000 	C:\Windows\SYSTEM32\bcrypt.dll
0x00007fff661f0000 - 0x00007fff66207000 	C:\Windows\SYSTEM32\CRYPTSP.dll
0x00007fff65c50000 - 0x00007fff65c83000 	C:\Windows\system32\rsaenh.dll
0x00007fff65ec0000 - 0x00007fff65edf000 	C:\Windows\SYSTEM32\USERENV.dll
0x00007fff661e0000 - 0x00007fff661eb000 	C:\Windows\SYSTEM32\CRYPTBASE.dll
0x00007fff638f0000 - 0x00007fff63906000 	C:\Windows\SYSTEM32\dhcpcsvc6.DLL
0x00007fff638d0000 - 0x00007fff638ea000 	C:\Windows\SYSTEM32\dhcpcsvc.DLL
0x00007fff464c0000 - 0x00007fff464d2000 	C:\Program Files\Java\jre1.8.0_221\bin\nio.dll
0x00007fff5c8b0000 - 0x00007fff5c8c6000 	C:\Windows\system32\napinsp.dll
0x00007fff5d720000 - 0x00007fff5d72e000 	C:\Windows\System32\winrnr.dll
0x00007fff61750000 - 0x00007fff61768000 	C:\Windows\system32\NLAapi.dll
0x00007fff43570000 - 0x00007fff43594000 	C:\Program Files\Java\jre1.8.0_221\bin\sunec.dll
0x00007fff61070000 - 0x00007fff61202000 	C:\Windows\system32\DBGHELP.DLL
0x00007fff60f00000 - 0x00007fff60f29000 	C:\Windows\SYSTEM32\dbgcore.DLL

VM Arguments:
jvm_args: -ea -Dfile.encoding=Cp1252 
java_command: org.testng.remote.RemoteTestNG -serport 51366 -protocol json -d E:\Sanjeev_worspace\latest\APTprojectdemo-master\test-output C:\Users\SKATHI~1\AppData\Local\Temp\testng-eclipse--1362296669\testng-customsuite.xml
java_class_path (initial): E:\Eclipse\eclipse\configuration\org.eclipse.osgi\967\0\.cp\lib\testng-remote.jar;E:\Sanjeev_worspace\latest\APTprojectdemo-master\bin;E:\Sanjeev_worspace\latest\APTprojectdemo-master\lib\commons-codec-1.10.jar;E:\Sanjeev_worspace\latest\APTprojectdemo-master\lib\commons-collections4-4.1.jar;E:\Sanjeev_worspace\latest\APTprojectdemo-master\lib\commons-logging-1.2.jar;E:\Sanjeev_worspace\latest\APTprojectdemo-master\lib\curvesapi-1.04.jar;E:\Sanjeev_worspace\latest\APTprojectdemo-master\lib\dom4j-2.1.1 (1).jar;E:\Sanjeev_worspace\latest\APTprojectdemo-master\lib\extentreports-2.40.2.jar;E:\Sanjeev_worspace\latest\APTprojectdemo-master\lib\extentreports-2.41.2.jar;E:\Sanjeev_worspace\latest\APTprojectdemo-master\lib\freemarker-2.3.23.jar;E:\Sanjeev_worspace\latest\APTprojectdemo-master\lib\guice-3.0.jar;E:\Sanjeev_worspace\latest\APTprojectdemo-master\lib\jaxen-1.1.4.jar;E:\Sanjeev_worspace\latest\APTprojectdemo-master\lib\junit-4.12.jar;E:\Sanjeev_worspace\latest\APTprojectdemo-master\lib\log4j-1.2.17.jar;E:\Sanjeev_worspace\latest\APTprojectdemo-master\lib\pdfbox-app-1.8.15.jar;E:\Sanjeev_worspace\latest\APTprojectdemo-master\lib\pdfbox-app-2.0.11.jar;E:\Sanjeev_worspace\latest\APTprojectdemo-master\lib\poi-3.17.jar;E:\Sanjeev_worspace\latest\APTprojectdemo-master\lib\poi-examples-3.17.jar;E:\Sanjeev_worspace\latest\APTprojectdemo-master\lib\poi-excelant-3.17.jar;E:\Sanjeev_worspace\latest\APTprojectdemo-master\lib\poi-ooxml-3.17.jar;E:\Sanjeev_worspace\latest\APTprojectdemo-master\lib\poi-ooxml-schemas-3.17.jar;E:\Sanjeev_worspace\latest\APTprojectdemo-master\lib\poi-scratchpad-3.17.jar;E:\Sanjeev_worspace\latest\APTprojectdemo-master\lib\velocity-dep-1.4.jar;E:\Sanjeev_worspace\latest\APTprojectdemo-master\lib\reportng-1.1.4.jar;E:\Sanjeev_worspace\latest\APTprojectdemo-master\lib\selenium-server-standalone-3.4.0.jar;E:\Sanjeev_worspace\latest\APTprojectdemo-master\lib\testng-6.8.5.jar;E:\Sanjeev_worspace\latest\APTprojectdemo-master\l
Launcher Type: SUN_STANDARD

Environment Variables:
JAVA_HOME=C:\Program Files\Java\jre1.8.0_221
PATH=C:/Program Files/Java/jre1.8.0_221/bin/server;C:/Program Files/Java/jre1.8.0_221/bin;C:/Program Files/Java/jre1.8.0_221/lib/amd64;C:\Program Files (x86)\Common Files\Oracle\Java\javapath;C:\Windows\system32;C:\Windows;C:\Windows\System32\Wbem;C:\Windows\System32\WindowsPowerShell\v1.0\;C:\Program Files\Java\jre1.8.0_221\bin;C:\Users\SKathiresan-ADM\AppData\Local\Microsoft\WindowsApps;E:\Eclipse\eclipse;
USERNAME=SKathiresan-ADM
OS=Windows_NT
PROCESSOR_IDENTIFIER=Intel64 Family 6 Model 79 Stepping 1, GenuineIntel



---------------  S Y S T E M  ---------------

OS: Windows 10.0 , 64 bit Build 14393 (10.0.14393.2214)

CPU:total 2 (initial active 2) (2 cores per cpu, 1 threads per core) family 6 model 79 stepping 1, cmov, cx8, fxsr, mmx, sse, sse2, sse3, ssse3, sse4.1, sse4.2, popcnt, avx, avx2, aes, clmul, erms, rtm, 3dnowpref, lzcnt, tsc, tscinvbit, bmi1, bmi2, adx

Memory: 4k page, physical 8388148k(356024k free), swap 16188208k(3400k free)

vm_info: Java HotSpot(TM) 64-Bit Server VM (25.221-b11) for windows-amd64 JRE (1.8.0_221-b11), built on Jul  4 2019 04:39:29 by "java_re" with MS VC++ 10.0 (VS2010)

time: Mon Dec 02 13:38:38 2019
timezone: GMT Standard Time
elapsed time: 399 seconds (0d 0h 6m 39s)

