#
# There is insufficient memory for the Java Runtime Environment to continue.
# Native memory allocation (malloc) failed to allocate 112352 bytes for Chunk::new
# Possible reasons:
#   The system is out of physical RAM or swap space
#   The process is running with CompressedOops enabled, and the Java Heap may be blocking the growth of the native heap
# Possible solutions:
#   Reduce memory load on the system
#   Increase physical memory or swap space
#   Check if swap backing store is full
#   Decrease Java heap size (-Xmx/-Xms)
#   Decrease number of Java threads
#   Decrease Java thread stack sizes (-Xss)
#   Set larger code cache with -XX:ReservedCodeCacheSize=
#   JVM is running with Unscaled Compressed Oops mode in which the Java heap is
#     placed in the first 4GB address space. The Java Heap base address is the
#     maximum limit for the native heap growth. Please use -XX:HeapBaseMinAddress
#     to set the Java Heap base and to place the Java Heap above 4GB virtual address.
# This output file may be truncated or incomplete.
#
#  Out of Memory Error (allocation.cpp:389), pid=36652, tid=0x0000000000008c58
#
# JRE version: Java(TM) SE Runtime Environment (8.0_221-b11) (build 1.8.0_221-b11)
# Java VM: Java HotSpot(TM) 64-Bit Server VM (25.221-b11 mixed mode windows-amd64 compressed oops)
# Failed to write core dump. 
#

---------------  T H R E A D  ---------------

Current thread (0x000000001718d000):  JavaThread "C2 CompilerThread0" daemon [_thread_in_native, id=35928, stack(0x00000000181b0000,0x00000000182b0000)]

Stack: [0x00000000181b0000,0x00000000182b0000]
[error occurred during error reporting (printing stack bounds), id 0xc0000005]

Native frames: (J=compiled Java code, j=interpreted, Vv=VM code, C=native code)


Current CompileTask:
C2:   6259  756       4       java.util.jar.JarFile::getEntry (22 bytes)


---------------  P R O C E S S  ---------------

Java Threads: ( => current thread )
  0x00000000189c3800 JavaThread "ReaderThread" [_thread_in_native, id=37128, stack(0x00000000194f0000,0x00000000195f0000)]
  0x00000000171ef000 JavaThread "Service Thread" daemon [_thread_blocked, id=33988, stack(0x00000000183b0000,0x00000000184b0000)]
  0x00000000171e8000 JavaThread "C1 CompilerThread1" daemon [_thread_blocked, id=27808, stack(0x00000000182b0000,0x00000000183b0000)]
=>0x000000001718d000 JavaThread "C2 CompilerThread0" daemon [_thread_in_native, id=35928, stack(0x00000000181b0000,0x00000000182b0000)]
  0x000000001718b000 JavaThread "Attach Listener" daemon [_thread_blocked, id=5916, stack(0x00000000180b0000,0x00000000181b0000)]
  0x0000000017187800 JavaThread "Signal Dispatcher" daemon [_thread_blocked, id=25332, stack(0x0000000017fb0000,0x00000000180b0000)]
  0x00000000027a9000 JavaThread "Finalizer" daemon [_thread_blocked, id=37328, stack(0x0000000017dc0000,0x0000000017ec0000)]
  0x00000000027a0000 JavaThread "Reference Handler" daemon [_thread_blocked, id=36724, stack(0x0000000017cc0000,0x0000000017dc0000)]
  0x00000000026b2800 JavaThread "main" [_thread_in_native, id=21632, stack(0x00000000023e0000,0x00000000024e0000)]

Other Threads:
  0x0000000017157000 VMThread [stack: 0x0000000017bc0000,0x0000000017cc0000] [id=25096]
  0x00000000171f2800 WatcherThread [stack: 0x00000000184b0000,0x00000000185b0000] [id=14104]

VM state:not at safepoint (normal execution)

VM Mutex/Monitor currently owned by a thread: None

heap address: 0x0000000080000000, size: 2048 MB, Compressed Oops mode: 32-bit
Narrow klass base: 0x0000000000000000, Narrow klass shift: 3
Compressed class space size: 1073741824 Address: 0x0000000100000000

Heap:
 PSYoungGen      total 38400K, used 32716K [0x00000000d5580000, 0x00000000d8000000, 0x0000000100000000)
  eden space 33280K, 98% used [0x00000000d5580000,0x00000000d7573130,0x00000000d7600000)
  from space 5120K, 0% used [0x00000000d7b00000,0x00000000d7b00000,0x00000000d8000000)
  to   space 5120K, 0% used [0x00000000d7600000,0x00000000d7600000,0x00000000d7b00000)
 ParOldGen       total 87552K, used 0K [0x0000000080000000, 0x0000000085580000, 0x00000000d5580000)
  object space 87552K, 0% used [0x0000000080000000,0x0000000080000000,0x0000000085580000)
 Metaspace       used 11960K, capacity 12078K, committed 12288K, reserved 1060864K
  class space    used 1451K, capacity 1489K, committed 1536K, reserved 1048576K

Card table byte_map: [0x0000000011b70000,0x0000000011f80000] byte_map_base: 0x0000000011770000

Marking Bits: (ParMarkBitMap*) 0x00000000597b5ce0
 Begin Bits: [0x0000000012430000, 0x0000000014430000)
 End Bits:   [0x0000000014430000, 0x0000000016430000)

Polling page: 0x0000000000a10000

CodeCache: size=245760Kb used=3037Kb max_used=3044Kb free=242722Kb
 bounds [0x00000000027b0000, 0x0000000002ab0000, 0x00000000117b0000]
 total_blobs=1112 nmethods=755 adapters=270
 compilation: enabled

Compilation events (10 events):
Event: 5.862 Thread 0x00000000171e8000 nmethod 751 0x0000000002aa3450 code [0x0000000002aa35a0, 0x0000000002aa36f0]
Event: 5.862 Thread 0x00000000171e8000  752       3       java.util.Calendar::internalSet (8 bytes)
Event: 5.862 Thread 0x00000000171e8000 nmethod 752 0x0000000002aa3090 code [0x0000000002aa31e0, 0x0000000002aa3350]
Event: 5.863 Thread 0x00000000171e8000  753   !   3       sun.misc.URLClassPath$JarLoader::getResource (85 bytes)
Event: 5.863 Thread 0x00000000171e8000 nmethod 753 0x0000000002aa6690 code [0x0000000002aa68a0, 0x0000000002aa7318]
Event: 5.871 Thread 0x000000001718d000  754       4       sun.nio.cs.SingleByte$Encoder::encode (32 bytes)
Event: 5.871 Thread 0x000000001718d000 nmethod 754 0x0000000002aa2790 code [0x0000000002aa28e0, 0x0000000002aa29f8]
Event: 6.228 Thread 0x000000001718d000  755       4       java.util.zip.ZipFile::ensureOpen (37 bytes)
Event: 6.228 Thread 0x000000001718d000 nmethod 755 0x0000000002aaa550 code [0x0000000002aaa680, 0x0000000002aaa718]
Event: 6.247 Thread 0x000000001718d000  756       4       java.util.jar.JarFile::getEntry (22 bytes)

GC Heap History (0 events):
No events

Deoptimization events (10 events):
Event: 4.062 Thread 0x00000000026b2800 Uncommon trap: reason=unstable_if action=reinterpret pc=0x000000000294e2b4 method=java.lang.String.indexOf([CII[CIII)I @ 3
Event: 5.171 Thread 0x00000000026b2800 Uncommon trap: reason=unstable_if action=reinterpret pc=0x00000000029f3874 method=java.util.HashMap.hash(Ljava/lang/Object;)I @ 1
Event: 5.218 Thread 0x00000000026b2800 Uncommon trap: reason=unstable_if action=reinterpret pc=0x00000000029cd1fc method=java.lang.AbstractStringBuilder.append(Ljava/lang/String;)Ljava/lang/AbstractStringBuilder; @ 1
Event: 5.636 Thread 0x00000000026b2800 Uncommon trap: reason=unstable_if action=reinterpret pc=0x0000000002a58634 method=sun.net.www.ParseUtil.encodePath(Ljava/lang/String;Z)Ljava/lang/String; @ 145
Event: 5.840 Thread 0x00000000026b2800 Uncommon trap: reason=unstable_if action=reinterpret pc=0x0000000002a6ac8c method=java.lang.reflect.Executable.equalParamTypes([Ljava/lang/Class;[Ljava/lang/Class;)Z @ 21
Event: 5.850 Thread 0x00000000026b2800 Uncommon trap: reason=bimorphic action=maybe_recompile pc=0x0000000002a2aeb0 method=java.util.HashMap.putVal(ILjava/lang/Object;Ljava/lang/Object;ZZ)Ljava/lang/Object; @ 203
Event: 5.850 Thread 0x00000000026b2800 Uncommon trap: reason=bimorphic action=maybe_recompile pc=0x0000000002a2aeb0 method=java.util.HashMap.putVal(ILjava/lang/Object;Ljava/lang/Object;ZZ)Ljava/lang/Object; @ 203
Event: 5.851 Thread 0x00000000026b2800 Uncommon trap: reason=bimorphic action=maybe_recompile pc=0x0000000002a2aeb0 method=java.util.HashMap.putVal(ILjava/lang/Object;Ljava/lang/Object;ZZ)Ljava/lang/Object; @ 203
Event: 5.851 Thread 0x00000000026b2800 Uncommon trap: reason=bimorphic action=maybe_recompile pc=0x0000000002a2aeb0 method=java.util.HashMap.putVal(ILjava/lang/Object;Ljava/lang/Object;ZZ)Ljava/lang/Object; @ 203
Event: 5.859 Thread 0x00000000026b2800 Uncommon trap: reason=unstable_if action=reinterpret pc=0x00000000029a5f24 method=sun.misc.MetaIndex.mayContain(Ljava/lang/String;)Z @ 38

Classes redefined (0 events):
No events

Internal exceptions (10 events):
Event: 5.689 Thread 0x00000000026b2800 Exception <a 'java/lang/ClassNotFoundException': org/apache/log4j/WriterAppenderCustomizer> (0x00000000d6d21bb8) thrown at [C:\re\workspace\8-2-build-windows-amd64-cygwin\jdk8u221\13320\hotspot\src\share\vm\classfile\systemDictionary.cpp, line 210]
Event: 5.690 Thread 0x00000000026b2800 Exception <a 'java/lang/ClassNotFoundException': org/apache/log4j/FileAppenderCustomizer> (0x00000000d6d36280) thrown at [C:\re\workspace\8-2-build-windows-amd64-cygwin\jdk8u221\13320\hotspot\src\share\vm\classfile\systemDictionary.cpp, line 210]
Event: 5.698 Thread 0x00000000026b2800 Exception <a 'java/lang/ClassNotFoundException': org/apache/log4j/PatternLayoutBeanInfo> (0x00000000d6d9bc40) thrown at [C:\re\workspace\8-2-build-windows-amd64-cygwin\jdk8u221\13320\hotspot\src\share\vm\classfile\systemDictionary.cpp, line 210]
Event: 5.698 Thread 0x00000000026b2800 Exception <a 'java/lang/ClassNotFoundException': org/apache/log4j/LayoutBeanInfo> (0x00000000d6da2e78) thrown at [C:\re\workspace\8-2-build-windows-amd64-cygwin\jdk8u221\13320\hotspot\src\share\vm\classfile\systemDictionary.cpp, line 210]
Event: 5.698 Thread 0x00000000026b2800 Exception <a 'java/lang/ClassNotFoundException': org/apache/log4j/LayoutCustomizer> (0x00000000d6daa300) thrown at [C:\re\workspace\8-2-build-windows-amd64-cygwin\jdk8u221\13320\hotspot\src\share\vm\classfile\systemDictionary.cpp, line 210]
Event: 5.700 Thread 0x00000000026b2800 Exception <a 'java/lang/ClassNotFoundException': org/apache/log4j/PatternLayoutCustomizer> (0x00000000d6db6af0) thrown at [C:\re\workspace\8-2-build-windows-amd64-cygwin\jdk8u221\13320\hotspot\src\share\vm\classfile\systemDictionary.cpp, line 210]
Event: 5.842 Thread 0x00000000026b2800 Exception <a 'java/lang/ClassNotFoundException': com/relevantcodes/extentreports/LogStatusBeanInfo> (0x00000000d71584b8) thrown at [C:\re\workspace\8-2-build-windows-amd64-cygwin\jdk8u221\13320\hotspot\src\share\vm\classfile\systemDictionary.cpp, line 210
Event: 5.842 Thread 0x00000000026b2800 Exception <a 'java/lang/ClassNotFoundException': java/lang/EnumBeanInfo> (0x00000000d715b970) thrown at [C:\re\workspace\8-2-build-windows-amd64-cygwin\jdk8u221\13320\hotspot\src\share\vm\classfile\systemDictionary.cpp, line 210]
Event: 5.842 Thread 0x00000000026b2800 Exception <a 'java/lang/ClassNotFoundException': java/lang/EnumCustomizer> (0x00000000d715efe8) thrown at [C:\re\workspace\8-2-build-windows-amd64-cygwin\jdk8u221\13320\hotspot\src\share\vm\classfile\systemDictionary.cpp, line 210]
Event: 5.845 Thread 0x00000000026b2800 Exception <a 'java/lang/ClassNotFoundException': com/relevantcodes/extentreports/LogStatusCustomizer> (0x00000000d71719b8) thrown at [C:\re\workspace\8-2-build-windows-amd64-cygwin\jdk8u221\13320\hotspot\src\share\vm\classfile\systemDictionary.cpp, line 2

Events (10 events):
Event: 6.251 loading class com/google/common/collect/ImmutableMapKeySet
Event: 6.251 loading class com/google/common/collect/ImmutableMapKeySet done
Event: 6.252 loading class com/google/common/collect/ImmutableSet$Indexed
Event: 6.252 loading class com/google/common/collect/ImmutableSet$Indexed done
Event: 6.252 loading class com/google/common/collect/ImmutableMap$MapViewOfValuesAsSingletonSets
Event: 6.252 loading class com/google/common/collect/ImmutableMap$MapViewOfValuesAsSingletonSets done
Event: 6.252 loading class com/google/common/collect/ImmutableMapValues
Event: 6.252 loading class com/google/common/collect/ImmutableMapValues done
Event: 6.254 loading class com/google/common/collect/RegularImmutableBiMap
Event: 6.254 loading class com/google/common/collect/RegularImmutableBiMap done


Dynamic libraries:
0x00007ff776350000 - 0x00007ff776387000 	C:\Program Files\Java\jre1.8.0_221\bin\javaw.exe
0x00007fff6a310000 - 0x00007fff6a4e0000 	C:\Windows\SYSTEM32\ntdll.dll
0x00007fff67940000 - 0x00007fff679ec000 	C:\Windows\System32\KERNEL32.DLL
0x00007fff67440000 - 0x00007fff6765d000 	C:\Windows\System32\KERNELBASE.dll
0x00007fff64c60000 - 0x00007fff64cda000 	C:\Windows\system32\apphelp.dll
0x00007fff6a1f0000 - 0x00007fff6a292000 	C:\Windows\System32\ADVAPI32.dll
0x00007fff68c10000 - 0x00007fff68cae000 	C:\Windows\System32\msvcrt.dll
0x00007fff68270000 - 0x00007fff682c9000 	C:\Windows\System32\sechost.dll
0x00007fff68030000 - 0x00007fff68151000 	C:\Windows\System32\RPCRT4.dll
0x00007fff68700000 - 0x00007fff68865000 	C:\Windows\System32\USER32.dll
0x00007fff66850000 - 0x00007fff6686e000 	C:\Windows\System32\win32u.dll
0x00007fff67fe0000 - 0x00007fff68014000 	C:\Windows\System32\GDI32.dll
0x00007fff67710000 - 0x00007fff67891000 	C:\Windows\System32\gdi32full.dll
0x00007fff587b0000 - 0x00007fff58a2a000 	C:\Windows\WinSxS\amd64_microsoft.windows.common-controls_6595b64144ccf1df_6.0.14393.2273_none_7de240fc83403786\COMCTL32.dll
0x00007fff67b70000 - 0x00007fff67e38000 	C:\Windows\System32\combase.dll
0x00007fff669c0000 - 0x00007fff66ab5000 	C:\Windows\System32\ucrtbase.dll
0x00007fff673d0000 - 0x00007fff6743a000 	C:\Windows\System32\bcryptPrimitives.dll
0x00007fff68240000 - 0x00007fff6826e000 	C:\Windows\System32\IMM32.DLL
0x0000000058e50000 - 0x0000000058f22000 	C:\Program Files\Java\jre1.8.0_221\bin\msvcr100.dll
0x0000000058f90000 - 0x0000000059835000 	C:\Program Files\Java\jre1.8.0_221\bin\server\jvm.dll
0x00007fff68230000 - 0x00007fff68238000 	C:\Windows\System32\PSAPI.DLL
0x00007fff5ce40000 - 0x00007fff5ce49000 	C:\Windows\SYSTEM32\WSOCK32.dll
0x00007fff68160000 - 0x00007fff681ca000 	C:\Windows\System32\WS2_32.dll
0x00007fff64d70000 - 0x00007fff64d93000 	C:\Windows\SYSTEM32\WINMM.dll
0x00007fff5d220000 - 0x00007fff5d22a000 	C:\Windows\SYSTEM32\VERSION.dll
0x00007fff64d10000 - 0x00007fff64d3b000 	C:\Windows\SYSTEM32\WINMMBASE.dll
0x00007fff66800000 - 0x00007fff66842000 	C:\Windows\System32\cfgmgr32.dll
0x00007fff5db50000 - 0x00007fff5db5f000 	C:\Program Files\Java\jre1.8.0_221\bin\verify.dll
0x00007fff48dd0000 - 0x00007fff48df9000 	C:\Program Files\Java\jre1.8.0_221\bin\java.dll
0x00007fff55410000 - 0x00007fff55426000 	C:\Program Files\Java\jre1.8.0_221\bin\zip.dll
0x00007fff68cd0000 - 0x00007fff6a1d5000 	C:\Windows\System32\SHELL32.dll
0x00007fff66b20000 - 0x00007fff671f9000 	C:\Windows\System32\windows.storage.dll
0x00007fff667a0000 - 0x00007fff667ec000 	C:\Windows\System32\powrprof.dll
0x00007fff67b10000 - 0x00007fff67b62000 	C:\Windows\System32\shlwapi.dll
0x00007fff66790000 - 0x00007fff6679f000 	C:\Windows\System32\kernel.appcore.dll
0x00007fff66910000 - 0x00007fff669b9000 	C:\Windows\System32\shcore.dll
0x00007fff66770000 - 0x00007fff66784000 	C:\Windows\System32\profapi.dll
0x00007fff4f550000 - 0x00007fff4f56a000 	C:\Program Files\Java\jre1.8.0_221\bin\net.dll
0x00007fff59e20000 - 0x00007fff59fe2000 	C:\Windows\SYSTEM32\urlmon.dll
0x00007fff61210000 - 0x00007fff614b5000 	C:\Windows\SYSTEM32\iertutil.dll
0x00007fff66040000 - 0x00007fff6609c000 	C:\Windows\system32\mswsock.dll
0x00007fff65e00000 - 0x00007fff65ea1000 	C:\Windows\SYSTEM32\DNSAPI.dll
0x00007fff6a1e0000 - 0x00007fff6a1e8000 	C:\Windows\System32\NSI.dll
0x00007fff65dc0000 - 0x00007fff65df8000 	C:\Windows\SYSTEM32\IPHLPAPI.DLL
0x00007fff5fde0000 - 0x00007fff5fdea000 	C:\Windows\System32\rasadhlp.dll
0x00007fff63be0000 - 0x00007fff63c4a000 	C:\Windows\System32\fwpuclnt.dll
0x00007fff666b0000 - 0x00007fff666db000 	C:\Windows\SYSTEM32\bcrypt.dll
0x00007fff661f0000 - 0x00007fff66207000 	C:\Windows\SYSTEM32\CRYPTSP.dll
0x00007fff65c50000 - 0x00007fff65c83000 	C:\Windows\system32\rsaenh.dll
0x00007fff65ec0000 - 0x00007fff65edf000 	C:\Windows\SYSTEM32\USERENV.dll
0x00007fff661e0000 - 0x00007fff661eb000 	C:\Windows\SYSTEM32\CRYPTBASE.dll
0x00007fff638f0000 - 0x00007fff63906000 	C:\Windows\SYSTEM32\dhcpcsvc6.DLL
0x00007fff638d0000 - 0x00007fff638ea000 	C:\Windows\SYSTEM32\dhcpcsvc.DLL
0x00007fff464c0000 - 0x00007fff464d2000 	C:\Program Files\Java\jre1.8.0_221\bin\nio.dll
0x00007fff5c8b0000 - 0x00007fff5c8c6000 	C:\Windows\system32\napinsp.dll
0x00007fff5d720000 - 0x00007fff5d72e000 	C:\Windows\System32\winrnr.dll
0x00007fff61750000 - 0x00007fff61768000 	C:\Windows\system32\NLAapi.dll

VM Arguments:
jvm_args: -ea -Dfile.encoding=Cp1252 
java_command: org.testng.remote.RemoteTestNG -serport 52705 -protocol json -d E:\Sanjeev_worspace\latest\APTprojectdemo-master\test-output C:\Users\SKATHI~1\AppData\Local\Temp\testng-eclipse--2040647851\testng-customsuite.xml
java_class_path (initial): E:\Eclipse\eclipse\configuration\org.eclipse.osgi\967\0\.cp\lib\testng-remote.jar;E:\Sanjeev_worspace\latest\APTprojectdemo-master\bin;E:\Sanjeev_worspace\latest\APTprojectdemo-master\lib\commons-codec-1.10.jar;E:\Sanjeev_worspace\latest\APTprojectdemo-master\lib\commons-collections4-4.1.jar;E:\Sanjeev_worspace\latest\APTprojectdemo-master\lib\commons-logging-1.2.jar;E:\Sanjeev_worspace\latest\APTprojectdemo-master\lib\curvesapi-1.04.jar;E:\Sanjeev_worspace\latest\APTprojectdemo-master\lib\dom4j-2.1.1 (1).jar;E:\Sanjeev_worspace\latest\APTprojectdemo-master\lib\extentreports-2.40.2.jar;E:\Sanjeev_worspace\latest\APTprojectdemo-master\lib\extentreports-2.41.2.jar;E:\Sanjeev_worspace\latest\APTprojectdemo-master\lib\freemarker-2.3.23.jar;E:\Sanjeev_worspace\latest\APTprojectdemo-master\lib\guice-3.0.jar;E:\Sanjeev_worspace\latest\APTprojectdemo-master\lib\jaxen-1.1.4.jar;E:\Sanjeev_worspace\latest\APTprojectdemo-master\lib\junit-4.12.jar;E:\Sanjeev_worspace\latest\APTprojectdemo-master\lib\log4j-1.2.17.jar;E:\Sanjeev_worspace\latest\APTprojectdemo-master\lib\pdfbox-app-1.8.15.jar;E:\Sanjeev_worspace\latest\APTprojectdemo-master\lib\pdfbox-app-2.0.11.jar;E:\Sanjeev_worspace\latest\APTprojectdemo-master\lib\poi-3.17.jar;E:\Sanjeev_worspace\latest\APTprojectdemo-master\lib\poi-examples-3.17.jar;E:\Sanjeev_worspace\latest\APTprojectdemo-master\lib\poi-excelant-3.17.jar;E:\Sanjeev_worspace\latest\APTprojectdemo-master\lib\poi-ooxml-3.17.jar;E:\Sanjeev_worspace\latest\APTprojectdemo-master\lib\poi-ooxml-schemas-3.17.jar;E:\Sanjeev_worspace\latest\APTprojectdemo-master\lib\poi-scratchpad-3.17.jar;E:\Sanjeev_worspace\latest\APTprojectdemo-master\lib\velocity-dep-1.4.jar;E:\Sanjeev_worspace\latest\APTprojectdemo-master\lib\reportng-1.1.4.jar;E:\Sanjeev_worspace\latest\APTprojectdemo-master\lib\selenium-server-standalone-3.4.0.jar;E:\Sanjeev_worspace\latest\APTprojectdemo-master\lib\testng-6.8.5.jar;E:\Sanjeev_worspace\latest\APTprojectdemo-master\l
Launcher Type: SUN_STANDARD

Environment Variables:
JAVA_HOME=C:\Program Files\Java\jre1.8.0_221
PATH=C:/Program Files/Java/jre1.8.0_221/bin/server;C:/Program Files/Java/jre1.8.0_221/bin;C:/Program Files/Java/jre1.8.0_221/lib/amd64;C:\Program Files (x86)\Common Files\Oracle\Java\javapath;C:\Windows\system32;C:\Windows;C:\Windows\System32\Wbem;C:\Windows\System32\WindowsPowerShell\v1.0\;C:\Program Files\Java\jre1.8.0_221\bin;C:\Users\SKathiresan-ADM\AppData\Local\Microsoft\WindowsApps;E:\Eclipse\eclipse;
USERNAME=SKathiresan-ADM
OS=Windows_NT
PROCESSOR_IDENTIFIER=Intel64 Family 6 Model 79 Stepping 1, GenuineIntel



---------------  S Y S T E M  ---------------

OS: Windows 10.0 , 64 bit Build 14393 (10.0.14393.2214)

CPU:total 2 (initial active 2) (2 cores per cpu, 1 threads per core) family 6 model 79 stepping 1, cmov, cx8, fxsr, mmx, sse, sse2, sse3, ssse3, sse4.1, sse4.2, popcnt, avx, avx2, aes, clmul, erms, rtm, 3dnowpref, lzcnt, tsc, tscinvbit, bmi1, bmi2, adx

Memory: 4k page, physical 8388148k(351484k free), swap 16188208k(5156k free)

vm_info: Java HotSpot(TM) 64-Bit Server VM (25.221-b11) for windows-amd64 JRE (1.8.0_221-b11), built on Jul  4 2019 04:39:29 by "java_re" with MS VC++ 10.0 (VS2010)

time: Mon Dec 02 13:52:53 2019
timezone: GMT Standard Time
elapsed time: 6 seconds (0d 0h 0m 6s)

